[GIN-debug] [WARNING] Creating an Engine instance with the Logger and Recovery middleware already attached.

[GIN-debug] [WARNING] Running in "debug" mode. Switch to "release" mode in production.
 - using env:	export GIN_MODE=release
 - using code:	gin.SetMode(gin.ReleaseMode)

[GIN-debug] GET    /                         --> main.main.func1 (3 handlers)
[GIN-debug] [WARNING] You trusted all proxies, this is NOT safe. We recommend you to set a value.
Please check https://github.com/gin-gonic/gin/blob/master/docs/doc.md#dont-trust-all-proxies for details.
[GIN-debug] Listening and serving HTTP on :8080
[GIN] 2025/12/18 - 13:02:25 | 200 |      22.792µs |             ::1 | GET      "/"
[GIN] 2025/12/18 - 13:02:33 | 404 |         917ns |             ::1 | GET      "/user"
[GIN] 2025/12/18 - 13:02:39 | 404 |         833ns |             ::1 | GET      "/users"
[GIN] 2025/12/18 - 13:04:07 | 404 |         458ns |             ::1 | GET      "/users"
[GIN] 2025/12/18 - 13:04:07 | 404 |         667ns |             ::1 | GET      "/users"
[GIN] 2025/12/18 - 13:04:11 | 200 |      31.875µs |             ::1 | GET      "/"
[GIN] 2025/12/18 - 13:06:54 | 404 |       2.875µs |             ::1 | GET      "/users"
[GIN] 2025/12/18 - 13:07:00 | 404 |         292ns |             ::1 | HEAD     "/"
[GIN] 2025/12/18 - 13:07:32 | 404 |         334ns |             ::1 | HEAD     "/"
[GIN] 2025/12/18 - 13:07:39 | 404 |         333ns |             ::1 | GET      "/users"
[GIN] 2025/12/18 - 13:07:40 | 404 |         791ns |             ::1 | GET      "/users"
[GIN] 2025/12/18 - 13:07:40 | 404 |         625ns |             ::1 | GET      "/users"
[GIN] 2025/12/18 - 13:07:40 | 404 |         625ns |             ::1 | GET      "/users"
[GIN] 2025/12/18 - 13:07:44 | 200 |      26.375µs |             ::1 | GET      "/"
